<?xml version="1.0" encoding="UTF-8"?>
<!-- Generated by org.testng.reporters.JUnitXMLReporter -->
<testsuite hostname="SUMANTA" name="Default test" tests="5" failures="0" timestamp="3 May 2016 17:15:41 GMT" time="33.271" errors="0">
  <testcase name="verifyLoginPage" time="6.028" classname="com.naukri.testscript.TestNaukri"/>
  <testcase name="verifyAttachedResume" time="0.947" classname="com.naukri.testscript.TestNaukri"/>
  <testcase name="verifyUploadResume" time="11.855" classname="com.naukri.testscript.TestNaukri"/>
  <testcase name="verifyLogOut" time="1.231" classname="com.naukri.testscript.TestNaukri"/>
  <testcase name="verifyloginAgain" time="0.085" classname="com.naukri.testscript.TestNaukri"/>
</testsuite> <!-- Default test -->
