<?xml version="1.0" encoding="UTF-8"?>
<!-- Generated by org.testng.reporters.JUnitXMLReporter -->
<testsuite hostname="SUMANTA" name="NaukriJobPortal Test Result" tests="5" failures="0" timestamp="15 Dec 2015 18:38:11 GMT" time="43.831" errors="0">
  <testcase name="verifyLoginPage" time="10.603" classname="com.naukri.testscript.TestNaukri"/>
  <testcase name="verifyAttachedResume" time="2.318" classname="com.naukri.testscript.TestNaukri"/>
  <testcase name="verifyUploadResume" time="7.384" classname="com.naukri.testscript.TestNaukri"/>
  <testcase name="verifyLogOut" time="3.255" classname="com.naukri.testscript.TestNaukri"/>
  <testcase name="verifyloginAgain" time="1.743" classname="com.naukri.testscript.TestNaukri"/>
</testsuite> <!-- NaukriJobPortal Test Result -->
