<?xml version="1.0" encoding="UTF-8"?>
<!-- Generated by org.testng.reporters.JUnitXMLReporter -->
<testsuite hostname="SUMANTA" name="NaukriJobPortal Firefox Test Result" tests="3" failures="0" timestamp="17 Feb 2016 19:08:45 GMT" time="31.612" errors="0">
  <testcase name="verifyLoginPage" time="8.731" classname="com.naukri.testscript.TestNaukri"/>
  <testcase name="verifyAttachedResume" time="2.144" classname="com.naukri.testscript.TestNaukri"/>
  <testcase name="verifyUploadResume" time="6.787" classname="com.naukri.testscript.TestNaukri"/>
</testsuite> <!-- NaukriJobPortal Firefox Test Result -->
