<?xml version="1.0" encoding="UTF-8"?>
<testng-results skipped="0" failed="0" total="5" passed="5">
  <reporter-output>
  </reporter-output>
  <suite name="Default suite" duration-ms="33271" started-at="2016-05-03T17:15:07Z" finished-at="2016-05-03T17:15:40Z">
    <groups>
    </groups>
    <test name="Default test" duration-ms="33271" started-at="2016-05-03T17:15:07Z" finished-at="2016-05-03T17:15:40Z">
      <class name="com.naukri.testscript.TestNaukri">
        <test-method status="PASS" signature="beforeTest()[pri:0, instance:com.naukri.testscript.TestNaukri@546a03af]" name="beforeTest" is-config="true" duration-ms="12858" started-at="2016-05-03T22:45:07Z" finished-at="2016-05-03T22:45:19Z">
          <reporter-output>
          </reporter-output>
        </test-method> <!-- beforeTest -->
        <test-method status="PASS" signature="verifyLoginPage(java.lang.String, java.lang.String)[pri:0, instance:com.naukri.testscript.TestNaukri@546a03af]" name="verifyLoginPage" duration-ms="6028" started-at="2016-05-03T22:45:20Z" description="Verify the Naukri login page" data-provider="Authentication" finished-at="2016-05-03T22:45:26Z">
          <params>
            <param index="0">
              <value>
                <![CDATA[ksumanta.testing@gmail.com]]>
              </value>
            </param>
            <param index="1">
              <value>
                <![CDATA[Selenium@143]]>
              </value>
            </param>
          </params>
          <reporter-output>
          </reporter-output>
        </test-method> <!-- verifyLoginPage -->
        <test-method status="PASS" signature="verifyAttachedResume()[pri:0, instance:com.naukri.testscript.TestNaukri@546a03af]" name="verifyAttachedResume" duration-ms="947" started-at="2016-05-03T22:45:26Z" description="Verify My Naukri Page" finished-at="2016-05-03T22:45:27Z">
          <reporter-output>
          </reporter-output>
        </test-method> <!-- verifyAttachedResume -->
        <test-method status="PASS" signature="verifyUploadResume()[pri:0, instance:com.naukri.testscript.TestNaukri@546a03af]" name="verifyUploadResume" duration-ms="11855" started-at="2016-05-03T22:45:27Z" description="Verify uploading resume" finished-at="2016-05-03T22:45:39Z">
          <reporter-output>
          </reporter-output>
        </test-method> <!-- verifyUploadResume -->
        <test-method status="PASS" signature="verifyLogOut()[pri:0, instance:com.naukri.testscript.TestNaukri@546a03af]" name="verifyLogOut" duration-ms="1231" started-at="2016-05-03T22:45:39Z" description="Verify logout from naukri" finished-at="2016-05-03T22:45:40Z">
          <reporter-output>
          </reporter-output>
        </test-method> <!-- verifyLogOut -->
        <test-method status="PASS" signature="verifyloginAgain()[pri:0, instance:com.naukri.testscript.TestNaukri@546a03af]" name="verifyloginAgain" duration-ms="85" started-at="2016-05-03T22:45:40Z" description="Verify login again right click" finished-at="2016-05-03T22:45:40Z">
          <reporter-output>
          </reporter-output>
        </test-method> <!-- verifyloginAgain -->
      </class> <!-- com.naukri.testscript.TestNaukri -->
    </test> <!-- Default test -->
  </suite> <!-- Default suite -->
</testng-results>
